  AudioManager.cpp
  Behaviour.cpp
  BoxCollider.cpp
c:\users\crizz\documents\gbc\semester2\3001\m3 apr 14\sdlgameengine\boxcollider.cpp(43): warning C4244: 'argument': conversion from 'int' to 'float', possible loss of data
c:\users\crizz\documents\gbc\semester2\3001\m3 apr 14\sdlgameengine\boxcollider.cpp(48): warning C4244: 'argument': conversion from 'float' to 'int', possible loss of data
c:\users\crizz\documents\gbc\semester2\3001\m3 apr 14\sdlgameengine\boxcollider.cpp(49): warning C4244: 'argument': conversion from 'float' to 'int', possible loss of data
c:\users\crizz\documents\gbc\semester2\3001\m3 apr 14\sdlgameengine\boxcollider.cpp(50): warning C4244: 'argument': conversion from 'float' to 'int', possible loss of data
c:\users\crizz\documents\gbc\semester2\3001\m3 apr 14\sdlgameengine\boxcollider.cpp(51): warning C4244: 'argument': conversion from 'float' to 'int', possible loss of data
  Bullet.cpp
  Camera.cpp
  CameraFollow.cpp
c:\users\crizz\documents\gbc\semester2\3001\m3 apr 14\sdlgameengine\camerafollow.cpp(15): warning C4244: '=': conversion from 'float' to 'int', possible loss of data
c:\users\crizz\documents\gbc\semester2\3001\m3 apr 14\sdlgameengine\camerafollow.cpp(16): warning C4244: '=': conversion from 'float' to 'int', possible loss of data
  Collider.cpp
c:\users\crizz\documents\gbc\semester2\3001\m3 apr 14\sdlgameengine\collider.cpp(116): warning C4244: 'argument': conversion from 'float' to 'int', possible loss of data
c:\users\crizz\documents\gbc\semester2\3001\m3 apr 14\sdlgameengine\collider.cpp(117): warning C4244: 'argument': conversion from 'float' to 'int', possible loss of data
  Collision.cpp
  Color.cpp
  Component.cpp
  ContactListener.cpp
  DemoProjectGame.cpp
  Enemy.cpp
  EnemyBullet.cpp
  MoveX.cpp
c:\users\crizz\documents\gbc\semester2\3001\m3 apr 14\sdlgameengine\movex.cpp(30): warning C4244: 'argument': conversion from 'double' to 'const float', possible loss of data
c:\users\crizz\documents\gbc\semester2\3001\m3 apr 14\sdlgameengine\movex.cpp(42): warning C4244: 'argument': conversion from 'double' to 'const float', possible loss of data
  PlayerControls.cpp
c:\users\crizz\documents\gbc\semester2\3001\m3 apr 14\sdlgameengine\playercontrols.cpp(32): warning C4244: '=': conversion from 'int' to 'float', possible loss of data
c:\users\crizz\documents\gbc\semester2\3001\m3 apr 14\sdlgameengine\playercontrols.cpp(33): warning C4244: '=': conversion from 'int' to 'float', possible loss of data
c:\users\crizz\documents\gbc\semester2\3001\m3 apr 14\sdlgameengine\playercontrols.cpp(47): warning C4244: 'argument': conversion from 'double' to 'const float', possible loss of data
  Pursue.cpp
c:\users\crizz\documents\gbc\semester2\3001\m3 apr 14\sdlgameengine\pursue.cpp(63): warning C4244: 'argument': conversion from 'double' to 'const float', possible loss of data
  Ray.cpp
  RaycastHit.cpp
  Scene1.cpp
c:\users\crizz\documents\gbc\semester2\3001\m3 apr 14\sdlgameengine\scene1.cpp(142): warning C4244: 'argument': conversion from 'int' to 'const float', possible loss of data
c:\users\crizz\documents\gbc\semester2\3001\m3 apr 14\sdlgameengine\scene1.cpp(183): warning C4244: 'argument': conversion from 'int' to 'const float', possible loss of data
c:\users\crizz\documents\gbc\semester2\3001\m3 apr 14\sdlgameengine\scene1.cpp(194): warning C4244: 'argument': conversion from 'int' to 'const float', possible loss of data
  Generating Code...
  Compiling...
  Shoot.cpp
  SimpleEvent.cpp
  SimpleEventListener.cpp
  Game.cpp
  GameObject.cpp
  Input.cpp
  LayerdStorage.cpp
  main.cpp
c:\users\crizz\documents\gbc\semester2\3001\m3 apr 14\sdlgameengine\main.cpp(16): warning C4244: 'argument': conversion from 'time_t' to 'unsigned int', possible loss of data
  Module.cpp
  Physics.cpp
c:\users\crizz\documents\gbc\semester2\3001\m3 apr 14\sdlgameengine\physics.cpp(94): warning C4244: 'argument': conversion from 'float' to 'int', possible loss of data
c:\users\crizz\documents\gbc\semester2\3001\m3 apr 14\sdlgameengine\physics.cpp(95): warning C4244: 'argument': conversion from 'float' to 'int', possible loss of data
  Rect.cpp
  Renderer.cpp
  RenderModule.cpp
  Rigidbody.cpp
c:\users\crizz\documents\gbc\semester2\3001\m3 apr 14\sdlgameengine\rigidbody.cpp(46): warning C4244: '=': conversion from 'double' to 'float32', possible loss of data
c:\users\crizz\documents\gbc\semester2\3001\m3 apr 14\sdlgameengine\rigidbody.cpp(105): warning C4244: 'argument': conversion from 'double' to 'const float', possible loss of data
c:\users\crizz\documents\gbc\semester2\3001\m3 apr 14\sdlgameengine\rigidbody.cpp(120): warning C4244: 'argument': conversion from 'double' to 'const float', possible loss of data
c:\users\crizz\documents\gbc\semester2\3001\m3 apr 14\sdlgameengine\rigidbody.cpp(203): warning C4244: 'argument': conversion from 'double' to 'float32', possible loss of data
  Scene.cpp
  Sprite.cpp
  SpriteRenderer.cpp
c:\users\crizz\documents\gbc\semester2\3001\m3 apr 14\sdlgameengine\spriterenderer.cpp(57): warning C4244: 'initializing': conversion from 'float' to 'int', possible loss of data
c:\users\crizz\documents\gbc\semester2\3001\m3 apr 14\sdlgameengine\spriterenderer.cpp(58): warning C4244: 'initializing': conversion from 'float' to 'int', possible loss of data
c:\users\crizz\documents\gbc\semester2\3001\m3 apr 14\sdlgameengine\spriterenderer.cpp(59): warning C4244: '=': conversion from 'float' to 'int', possible loss of data
c:\users\crizz\documents\gbc\semester2\3001\m3 apr 14\sdlgameengine\spriterenderer.cpp(60): warning C4244: '=': conversion from 'float' to 'int', possible loss of data
c:\users\crizz\documents\gbc\semester2\3001\m3 apr 14\sdlgameengine\spriterenderer.cpp(61): warning C4244: 'initializing': conversion from 'float' to 'int', possible loss of data
c:\users\crizz\documents\gbc\semester2\3001\m3 apr 14\sdlgameengine\spriterenderer.cpp(62): warning C4244: 'initializing': conversion from 'float' to 'int', possible loss of data
  SteeringAgent.cpp
c:\users\crizz\documents\gbc\semester2\3001\m3 apr 14\sdlgameengine\steeringagent.cpp(36): warning C4244: '=': conversion from 'double' to 'float', possible loss of data
  SteeringBehaviour.cpp
  Texture.cpp
  Generating Code...
c:\users\crizz\documents\gbc\semester2\3001\m3 apr 14\sdlgameengine\rigidbody.cpp(83): warning C4715: 'Rigidbody::ConvertToB2Type': not all control paths return a value
  Compiling...
  Time.cpp
c:\users\crizz\documents\gbc\semester2\3001\m3 apr 14\sdlgameengine\time.cpp(35): warning C4244: '=': conversion from '_Rep' to 'float', possible loss of data
          with
          [
              _Rep=double
          ]
c:\users\crizz\documents\gbc\semester2\3001\m3 apr 14\sdlgameengine\time.cpp(73): warning C4244: 'return': conversion from '_Rep' to 'const float', possible loss of data
          with
          [
              _Rep=double
          ]
  Transform.cpp
c:\users\crizz\documents\gbc\semester2\3001\m3 apr 14\sdlgameengine\transform.cpp(35): warning C4244: 'argument': conversion from 'float' to 'int', possible loss of data
c:\users\crizz\documents\gbc\semester2\3001\m3 apr 14\sdlgameengine\transform.cpp(74): warning C4244: 'argument': conversion from 'double' to 'const float', possible loss of data
c:\users\crizz\documents\gbc\semester2\3001\m3 apr 14\sdlgameengine\transform.cpp(93): warning C4244: 'argument': conversion from 'double' to 'const float', possible loss of data
c:\users\crizz\documents\gbc\semester2\3001\m3 apr 14\sdlgameengine\transform.cpp(276): warning C4244: 'initializing': conversion from 'double' to 'const float', possible loss of data
c:\users\crizz\documents\gbc\semester2\3001\m3 apr 14\sdlgameengine\transform.cpp(282): warning C4244: 'initializing': conversion from 'double' to 'const float', possible loss of data
  Vector2.cpp
c:\users\crizz\documents\gbc\semester2\3001\m3 apr 14\sdlgameengine\vector2.cpp(16): warning C4244: 'return': conversion from 'double' to 'float', possible loss of data
c:\users\crizz\documents\gbc\semester2\3001\m3 apr 14\sdlgameengine\vector2.cpp(18): warning C4244: 'return': conversion from 'double' to 'float', possible loss of data
c:\users\crizz\documents\gbc\semester2\3001\m3 apr 14\sdlgameengine\vector2.cpp(49): warning C4244: 'argument': conversion from 'double' to 'float', possible loss of data
  Generating Code...
c:\users\crizz\documents\gbc\semester2\3001\m3 apr 14\sdlgameengine\time.cpp(73): warning C4172: returning address of local variable or temporary
Box2D.lib(b2ChainShape.obj) : warning LNK4099: PDB 'Box2D.pdb' was not found with 'Box2D.lib(b2ChainShape.obj)' or at 'C:\Users\crizz\Documents\GBC\Semester2\3001\M3 Apr 14\Debug\Box2D.pdb'; linking object as if no debug info
Box2D.lib(b2EdgeShape.obj) : warning LNK4099: PDB 'Box2D.pdb' was not found with 'Box2D.lib(b2EdgeShape.obj)' or at 'C:\Users\crizz\Documents\GBC\Semester2\3001\M3 Apr 14\Debug\Box2D.pdb'; linking object as if no debug info
Box2D.lib(b2PolygonShape.obj) : warning LNK4099: PDB 'Box2D.pdb' was not found with 'Box2D.lib(b2PolygonShape.obj)' or at 'C:\Users\crizz\Documents\GBC\Semester2\3001\M3 Apr 14\Debug\Box2D.pdb'; linking object as if no debug info
Box2D.lib(b2BroadPhase.obj) : warning LNK4099: PDB 'Box2D.pdb' was not found with 'Box2D.lib(b2BroadPhase.obj)' or at 'C:\Users\crizz\Documents\GBC\Semester2\3001\M3 Apr 14\Debug\Box2D.pdb'; linking object as if no debug info
Box2D.lib(b2CollideCircle.obj) : warning LNK4099: PDB 'Box2D.pdb' was not found with 'Box2D.lib(b2CollideCircle.obj)' or at 'C:\Users\crizz\Documents\GBC\Semester2\3001\M3 Apr 14\Debug\Box2D.pdb'; linking object as if no debug info
Box2D.lib(b2CollideEdge.obj) : warning LNK4099: PDB 'Box2D.pdb' was not found with 'Box2D.lib(b2CollideEdge.obj)' or at 'C:\Users\crizz\Documents\GBC\Semester2\3001\M3 Apr 14\Debug\Box2D.pdb'; linking object as if no debug info
Box2D.lib(b2CollidePolygon.obj) : warning LNK4099: PDB 'Box2D.pdb' was not found with 'Box2D.lib(b2CollidePolygon.obj)' or at 'C:\Users\crizz\Documents\GBC\Semester2\3001\M3 Apr 14\Debug\Box2D.pdb'; linking object as if no debug info
Box2D.lib(b2Collision.obj) : warning LNK4099: PDB 'Box2D.pdb' was not found with 'Box2D.lib(b2Collision.obj)' or at 'C:\Users\crizz\Documents\GBC\Semester2\3001\M3 Apr 14\Debug\Box2D.pdb'; linking object as if no debug info
Box2D.lib(b2Distance.obj) : warning LNK4099: PDB 'Box2D.pdb' was not found with 'Box2D.lib(b2Distance.obj)' or at 'C:\Users\crizz\Documents\GBC\Semester2\3001\M3 Apr 14\Debug\Box2D.pdb'; linking object as if no debug info
Box2D.lib(b2DynamicTree.obj) : warning LNK4099: PDB 'Box2D.pdb' was not found with 'Box2D.lib(b2DynamicTree.obj)' or at 'C:\Users\crizz\Documents\GBC\Semester2\3001\M3 Apr 14\Debug\Box2D.pdb'; linking object as if no debug info
Box2D.lib(b2TimeOfImpact.obj) : warning LNK4099: PDB 'Box2D.pdb' was not found with 'Box2D.lib(b2TimeOfImpact.obj)' or at 'C:\Users\crizz\Documents\GBC\Semester2\3001\M3 Apr 14\Debug\Box2D.pdb'; linking object as if no debug info
Box2D.lib(b2BlockAllocator.obj) : warning LNK4099: PDB 'Box2D.pdb' was not found with 'Box2D.lib(b2BlockAllocator.obj)' or at 'C:\Users\crizz\Documents\GBC\Semester2\3001\M3 Apr 14\Debug\Box2D.pdb'; linking object as if no debug info
Box2D.lib(b2Draw.obj) : warning LNK4099: PDB 'Box2D.pdb' was not found with 'Box2D.lib(b2Draw.obj)' or at 'C:\Users\crizz\Documents\GBC\Semester2\3001\M3 Apr 14\Debug\Box2D.pdb'; linking object as if no debug info
Box2D.lib(b2Math.obj) : warning LNK4099: PDB 'Box2D.pdb' was not found with 'Box2D.lib(b2Math.obj)' or at 'C:\Users\crizz\Documents\GBC\Semester2\3001\M3 Apr 14\Debug\Box2D.pdb'; linking object as if no debug info
Box2D.lib(b2Settings.obj) : warning LNK4099: PDB 'Box2D.pdb' was not found with 'Box2D.lib(b2Settings.obj)' or at 'C:\Users\crizz\Documents\GBC\Semester2\3001\M3 Apr 14\Debug\Box2D.pdb'; linking object as if no debug info
Box2D.lib(b2StackAllocator.obj) : warning LNK4099: PDB 'Box2D.pdb' was not found with 'Box2D.lib(b2StackAllocator.obj)' or at 'C:\Users\crizz\Documents\GBC\Semester2\3001\M3 Apr 14\Debug\Box2D.pdb'; linking object as if no debug info
Box2D.lib(b2Timer.obj) : warning LNK4099: PDB 'Box2D.pdb' was not found with 'Box2D.lib(b2Timer.obj)' or at 'C:\Users\crizz\Documents\GBC\Semester2\3001\M3 Apr 14\Debug\Box2D.pdb'; linking object as if no debug info
Box2D.lib(b2ChainAndCircleContact.obj) : warning LNK4099: PDB 'Box2D.pdb' was not found with 'Box2D.lib(b2ChainAndCircleContact.obj)' or at 'C:\Users\crizz\Documents\GBC\Semester2\3001\M3 Apr 14\Debug\Box2D.pdb'; linking object as if no debug info
Box2D.lib(b2ChainAndPolygonContact.obj) : warning LNK4099: PDB 'Box2D.pdb' was not found with 'Box2D.lib(b2ChainAndPolygonContact.obj)' or at 'C:\Users\crizz\Documents\GBC\Semester2\3001\M3 Apr 14\Debug\Box2D.pdb'; linking object as if no debug info
Box2D.lib(b2CircleContact.obj) : warning LNK4099: PDB 'Box2D.pdb' was not found with 'Box2D.lib(b2CircleContact.obj)' or at 'C:\Users\crizz\Documents\GBC\Semester2\3001\M3 Apr 14\Debug\Box2D.pdb'; linking object as if no debug info
Box2D.lib(b2Contact.obj) : warning LNK4099: PDB 'Box2D.pdb' was not found with 'Box2D.lib(b2Contact.obj)' or at 'C:\Users\crizz\Documents\GBC\Semester2\3001\M3 Apr 14\Debug\Box2D.pdb'; linking object as if no debug info
Box2D.lib(b2ContactSolver.obj) : warning LNK4099: PDB 'Box2D.pdb' was not found with 'Box2D.lib(b2ContactSolver.obj)' or at 'C:\Users\crizz\Documents\GBC\Semester2\3001\M3 Apr 14\Debug\Box2D.pdb'; linking object as if no debug info
Box2D.lib(b2EdgeAndCircleContact.obj) : warning LNK4099: PDB 'Box2D.pdb' was not found with 'Box2D.lib(b2EdgeAndCircleContact.obj)' or at 'C:\Users\crizz\Documents\GBC\Semester2\3001\M3 Apr 14\Debug\Box2D.pdb'; linking object as if no debug info
Box2D.lib(b2EdgeAndPolygonContact.obj) : warning LNK4099: PDB 'Box2D.pdb' was not found with 'Box2D.lib(b2EdgeAndPolygonContact.obj)' or at 'C:\Users\crizz\Documents\GBC\Semester2\3001\M3 Apr 14\Debug\Box2D.pdb'; linking object as if no debug info
Box2D.lib(b2PolygonAndCircleContact.obj) : warning LNK4099: PDB 'Box2D.pdb' was not found with 'Box2D.lib(b2PolygonAndCircleContact.obj)' or at 'C:\Users\crizz\Documents\GBC\Semester2\3001\M3 Apr 14\Debug\Box2D.pdb'; linking object as if no debug info
Box2D.lib(b2PolygonContact.obj) : warning LNK4099: PDB 'Box2D.pdb' was not found with 'Box2D.lib(b2PolygonContact.obj)' or at 'C:\Users\crizz\Documents\GBC\Semester2\3001\M3 Apr 14\Debug\Box2D.pdb'; linking object as if no debug info
Box2D.lib(b2DistanceJoint.obj) : warning LNK4099: PDB 'Box2D.pdb' was not found with 'Box2D.lib(b2DistanceJoint.obj)' or at 'C:\Users\crizz\Documents\GBC\Semester2\3001\M3 Apr 14\Debug\Box2D.pdb'; linking object as if no debug info
Box2D.lib(b2FrictionJoint.obj) : warning LNK4099: PDB 'Box2D.pdb' was not found with 'Box2D.lib(b2FrictionJoint.obj)' or at 'C:\Users\crizz\Documents\GBC\Semester2\3001\M3 Apr 14\Debug\Box2D.pdb'; linking object as if no debug info
Box2D.lib(b2GearJoint.obj) : warning LNK4099: PDB 'Box2D.pdb' was not found with 'Box2D.lib(b2GearJoint.obj)' or at 'C:\Users\crizz\Documents\GBC\Semester2\3001\M3 Apr 14\Debug\Box2D.pdb'; linking object as if no debug info
Box2D.lib(b2Joint.obj) : warning LNK4099: PDB 'Box2D.pdb' was not found with 'Box2D.lib(b2Joint.obj)' or at 'C:\Users\crizz\Documents\GBC\Semester2\3001\M3 Apr 14\Debug\Box2D.pdb'; linking object as if no debug info
Box2D.lib(b2MotorJoint.obj) : warning LNK4099: PDB 'Box2D.pdb' was not found with 'Box2D.lib(b2MotorJoint.obj)' or at 'C:\Users\crizz\Documents\GBC\Semester2\3001\M3 Apr 14\Debug\Box2D.pdb'; linking object as if no debug info
Box2D.lib(b2MouseJoint.obj) : warning LNK4099: PDB 'Box2D.pdb' was not found with 'Box2D.lib(b2MouseJoint.obj)' or at 'C:\Users\crizz\Documents\GBC\Semester2\3001\M3 Apr 14\Debug\Box2D.pdb'; linking object as if no debug info
Box2D.lib(b2PrismaticJoint.obj) : warning LNK4099: PDB 'Box2D.pdb' was not found with 'Box2D.lib(b2PrismaticJoint.obj)' or at 'C:\Users\crizz\Documents\GBC\Semester2\3001\M3 Apr 14\Debug\Box2D.pdb'; linking object as if no debug info
Box2D.lib(b2PulleyJoint.obj) : warning LNK4099: PDB 'Box2D.pdb' was not found with 'Box2D.lib(b2PulleyJoint.obj)' or at 'C:\Users\crizz\Documents\GBC\Semester2\3001\M3 Apr 14\Debug\Box2D.pdb'; linking object as if no debug info
Box2D.lib(b2RevoluteJoint.obj) : warning LNK4099: PDB 'Box2D.pdb' was not found with 'Box2D.lib(b2RevoluteJoint.obj)' or at 'C:\Users\crizz\Documents\GBC\Semester2\3001\M3 Apr 14\Debug\Box2D.pdb'; linking object as if no debug info
Box2D.lib(b2RopeJoint.obj) : warning LNK4099: PDB 'Box2D.pdb' was not found with 'Box2D.lib(b2RopeJoint.obj)' or at 'C:\Users\crizz\Documents\GBC\Semester2\3001\M3 Apr 14\Debug\Box2D.pdb'; linking object as if no debug info
Box2D.lib(b2WeldJoint.obj) : warning LNK4099: PDB 'Box2D.pdb' was not found with 'Box2D.lib(b2WeldJoint.obj)' or at 'C:\Users\crizz\Documents\GBC\Semester2\3001\M3 Apr 14\Debug\Box2D.pdb'; linking object as if no debug info
Box2D.lib(b2WheelJoint.obj) : warning LNK4099: PDB 'Box2D.pdb' was not found with 'Box2D.lib(b2WheelJoint.obj)' or at 'C:\Users\crizz\Documents\GBC\Semester2\3001\M3 Apr 14\Debug\Box2D.pdb'; linking object as if no debug info
Box2D.lib(b2Body.obj) : warning LNK4099: PDB 'Box2D.pdb' was not found with 'Box2D.lib(b2Body.obj)' or at 'C:\Users\crizz\Documents\GBC\Semester2\3001\M3 Apr 14\Debug\Box2D.pdb'; linking object as if no debug info
Box2D.lib(b2ContactManager.obj) : warning LNK4099: PDB 'Box2D.pdb' was not found with 'Box2D.lib(b2ContactManager.obj)' or at 'C:\Users\crizz\Documents\GBC\Semester2\3001\M3 Apr 14\Debug\Box2D.pdb'; linking object as if no debug info
Box2D.lib(b2Fixture.obj) : warning LNK4099: PDB 'Box2D.pdb' was not found with 'Box2D.lib(b2Fixture.obj)' or at 'C:\Users\crizz\Documents\GBC\Semester2\3001\M3 Apr 14\Debug\Box2D.pdb'; linking object as if no debug info
Box2D.lib(b2Island.obj) : warning LNK4099: PDB 'Box2D.pdb' was not found with 'Box2D.lib(b2Island.obj)' or at 'C:\Users\crizz\Documents\GBC\Semester2\3001\M3 Apr 14\Debug\Box2D.pdb'; linking object as if no debug info
Box2D.lib(b2World.obj) : warning LNK4099: PDB 'Box2D.pdb' was not found with 'Box2D.lib(b2World.obj)' or at 'C:\Users\crizz\Documents\GBC\Semester2\3001\M3 Apr 14\Debug\Box2D.pdb'; linking object as if no debug info
Box2D.lib(b2WorldCallbacks.obj) : warning LNK4099: PDB 'Box2D.pdb' was not found with 'Box2D.lib(b2WorldCallbacks.obj)' or at 'C:\Users\crizz\Documents\GBC\Semester2\3001\M3 Apr 14\Debug\Box2D.pdb'; linking object as if no debug info
  SDLGameEngine.vcxproj -> C:\Users\crizz\Documents\GBC\Semester2\3001\M3 Apr 14\Debug\SDLGameEngine.exe
