  BoxCollider.cpp
c:\users\crizz\documents\gbc\semester2\3001\m3 march 31\sdlgameengine\boxcollider.cpp(43): warning C4244: 'argument': conversion from 'int' to 'float', possible loss of data
c:\users\crizz\documents\gbc\semester2\3001\m3 march 31\sdlgameengine\boxcollider.cpp(48): warning C4244: 'argument': conversion from 'float' to 'int', possible loss of data
c:\users\crizz\documents\gbc\semester2\3001\m3 march 31\sdlgameengine\boxcollider.cpp(49): warning C4244: 'argument': conversion from 'float' to 'int', possible loss of data
c:\users\crizz\documents\gbc\semester2\3001\m3 march 31\sdlgameengine\boxcollider.cpp(50): warning C4244: 'argument': conversion from 'float' to 'int', possible loss of data
c:\users\crizz\documents\gbc\semester2\3001\m3 march 31\sdlgameengine\boxcollider.cpp(51): warning C4244: 'argument': conversion from 'float' to 'int', possible loss of data
  Bullet.cpp
  Collider.cpp
c:\users\crizz\documents\gbc\semester2\3001\m3 march 31\sdlgameengine\collider.cpp(116): warning C4244: 'argument': conversion from 'float' to 'int', possible loss of data
c:\users\crizz\documents\gbc\semester2\3001\m3 march 31\sdlgameengine\collider.cpp(117): warning C4244: 'argument': conversion from 'float' to 'int', possible loss of data
  Component.cpp
  ContactListener.cpp
  DemoProjectGame.cpp
  Enemy.cpp
  EnemyBullet.cpp
  Game.cpp
  Input.cpp
  MoveX.cpp
c:\users\crizz\documents\gbc\semester2\3001\m3 march 31\sdlgameengine\movex.cpp(30): warning C4244: 'argument': conversion from 'double' to 'const float', possible loss of data
c:\users\crizz\documents\gbc\semester2\3001\m3 march 31\sdlgameengine\movex.cpp(42): warning C4244: 'argument': conversion from 'double' to 'const float', possible loss of data
  Physics.cpp
c:\users\crizz\documents\gbc\semester2\3001\m3 march 31\sdlgameengine\physics.cpp(94): warning C4244: 'argument': conversion from 'float' to 'int', possible loss of data
c:\users\crizz\documents\gbc\semester2\3001\m3 march 31\sdlgameengine\physics.cpp(95): warning C4244: 'argument': conversion from 'float' to 'int', possible loss of data
  PlayerControls.cpp
c:\users\crizz\documents\gbc\semester2\3001\m3 march 31\sdlgameengine\playercontrols.cpp(32): warning C4244: '=': conversion from 'int' to 'float', possible loss of data
c:\users\crizz\documents\gbc\semester2\3001\m3 march 31\sdlgameengine\playercontrols.cpp(33): warning C4244: '=': conversion from 'int' to 'float', possible loss of data
c:\users\crizz\documents\gbc\semester2\3001\m3 march 31\sdlgameengine\playercontrols.cpp(47): warning C4244: 'argument': conversion from 'double' to 'const float', possible loss of data
  Pursue.cpp
c:\users\crizz\documents\gbc\semester2\3001\m3 march 31\sdlgameengine\pursue.cpp(63): warning C4244: 'argument': conversion from 'double' to 'const float', possible loss of data
  Renderer.cpp
  Rigidbody.cpp
c:\users\crizz\documents\gbc\semester2\3001\m3 march 31\sdlgameengine\rigidbody.cpp(46): warning C4244: '=': conversion from 'double' to 'float32', possible loss of data
c:\users\crizz\documents\gbc\semester2\3001\m3 march 31\sdlgameengine\rigidbody.cpp(105): warning C4244: 'argument': conversion from 'double' to 'const float', possible loss of data
c:\users\crizz\documents\gbc\semester2\3001\m3 march 31\sdlgameengine\rigidbody.cpp(120): warning C4244: 'argument': conversion from 'double' to 'const float', possible loss of data
c:\users\crizz\documents\gbc\semester2\3001\m3 march 31\sdlgameengine\rigidbody.cpp(203): warning C4244: 'argument': conversion from 'double' to 'float32', possible loss of data
  Scene.cpp
  Scene1.cpp
c:\users\crizz\documents\gbc\semester2\3001\m3 march 31\sdlgameengine\scene1.cpp(142): warning C4244: 'argument': conversion from 'int' to 'const float', possible loss of data
c:\users\crizz\documents\gbc\semester2\3001\m3 march 31\sdlgameengine\scene1.cpp(183): warning C4244: 'argument': conversion from 'int' to 'const float', possible loss of data
c:\users\crizz\documents\gbc\semester2\3001\m3 march 31\sdlgameengine\scene1.cpp(194): warning C4244: 'argument': conversion from 'int' to 'const float', possible loss of data
  Shoot.cpp
  SpriteRenderer.cpp
c:\users\crizz\documents\gbc\semester2\3001\m3 march 31\sdlgameengine\spriterenderer.cpp(57): warning C4244: 'initializing': conversion from 'float' to 'int', possible loss of data
c:\users\crizz\documents\gbc\semester2\3001\m3 march 31\sdlgameengine\spriterenderer.cpp(58): warning C4244: 'initializing': conversion from 'float' to 'int', possible loss of data
c:\users\crizz\documents\gbc\semester2\3001\m3 march 31\sdlgameengine\spriterenderer.cpp(59): warning C4244: '=': conversion from 'float' to 'int', possible loss of data
c:\users\crizz\documents\gbc\semester2\3001\m3 march 31\sdlgameengine\spriterenderer.cpp(60): warning C4244: '=': conversion from 'float' to 'int', possible loss of data
c:\users\crizz\documents\gbc\semester2\3001\m3 march 31\sdlgameengine\spriterenderer.cpp(61): warning C4244: 'initializing': conversion from 'float' to 'int', possible loss of data
c:\users\crizz\documents\gbc\semester2\3001\m3 march 31\sdlgameengine\spriterenderer.cpp(62): warning C4244: 'initializing': conversion from 'float' to 'int', possible loss of data
  Generating Code...
c:\users\crizz\documents\gbc\semester2\3001\m3 march 31\sdlgameengine\rigidbody.cpp(83): warning C4715: 'Rigidbody::ConvertToB2Type': not all control paths return a value
  Compiling...
  SteeringAgent.cpp
c:\users\crizz\documents\gbc\semester2\3001\m3 march 31\sdlgameengine\steeringagent.cpp(36): warning C4244: '=': conversion from 'double' to 'float', possible loss of data
  SteeringBehaviour.cpp
  Transform.cpp
c:\users\crizz\documents\gbc\semester2\3001\m3 march 31\sdlgameengine\transform.cpp(35): warning C4244: 'argument': conversion from 'float' to 'int', possible loss of data
c:\users\crizz\documents\gbc\semester2\3001\m3 march 31\sdlgameengine\transform.cpp(74): warning C4244: 'argument': conversion from 'double' to 'const float', possible loss of data
c:\users\crizz\documents\gbc\semester2\3001\m3 march 31\sdlgameengine\transform.cpp(93): warning C4244: 'argument': conversion from 'double' to 'const float', possible loss of data
c:\users\crizz\documents\gbc\semester2\3001\m3 march 31\sdlgameengine\transform.cpp(276): warning C4244: 'initializing': conversion from 'double' to 'const float', possible loss of data
c:\users\crizz\documents\gbc\semester2\3001\m3 march 31\sdlgameengine\transform.cpp(282): warning C4244: 'initializing': conversion from 'double' to 'const float', possible loss of data
  main.cpp
c:\users\crizz\documents\gbc\semester2\3001\m3 march 31\sdlgameengine\main.cpp(16): warning C4244: 'argument': conversion from 'time_t' to 'unsigned int', possible loss of data
  Generating Code...
  SDLGameEngine.vcxproj -> C:\Users\crizz\Documents\GBC\Semester2\3001\M3 march 31\Debug\SDLGameEngine.exe
